<?xml version="1.0" encoding="UTF-8"?>
<testsuite xmlns:xsi="http://www.w3.org/2001/XMLSchema-instance" xsi:noNamespaceSchemaLocation="https://maven.apache.org/surefire/maven-surefire-plugin/xsd/surefire-test-report-3.0.xsd" version="3.0" name="HouseTest" time="0.013" tests="1" errors="0" skipped="0" failures="0">
  <properties>
    <property name="java.specification.version" value="17"/>
    <property name="sun.jnu.encoding" value="UTF-8"/>
    <property name="java.class.path" value="/Users/benjamin.frazer/Documents/IntelliJ/Monopoly-Clone/target/test-classes:/Users/benjamin.frazer/Documents/IntelliJ/Monopoly-Clone/target/classes:/Users/benjamin.frazer/.m2/repository/junit/junit/4.13.1/junit-4.13.1.jar:/Users/benjamin.frazer/.m2/repository/org/hamcrest/hamcrest-core/1.3/hamcrest-core-1.3.jar:/Users/benjamin.frazer/.m2/repository/org/junit/jupiter/junit-jupiter-api/5.8.1/junit-jupiter-api-5.8.1.jar:/Users/benjamin.frazer/.m2/repository/org/opentest4j/opentest4j/1.2.0/opentest4j-1.2.0.jar:/Users/benjamin.frazer/.m2/repository/org/junit/platform/junit-platform-commons/1.8.1/junit-platform-commons-1.8.1.jar:/Users/benjamin.frazer/.m2/repository/org/apiguardian/apiguardian-api/1.1.2/apiguardian-api-1.1.2.jar:/Users/benjamin.frazer/.m2/repository/org/junit/jupiter/junit-jupiter-engine/5.8.1/junit-jupiter-engine-5.8.1.jar:/Users/benjamin.frazer/.m2/repository/org/junit/platform/junit-platform-engine/1.8.1/junit-platform-engine-1.8.1.jar:/Users/benjamin.frazer/.m2/repository/org/mockito/mockito-core/4.0.0/mockito-core-4.0.0.jar:/Users/benjamin.frazer/.m2/repository/net/bytebuddy/byte-buddy/1.11.19/byte-buddy-1.11.19.jar:/Users/benjamin.frazer/.m2/repository/net/bytebuddy/byte-buddy-agent/1.11.19/byte-buddy-agent-1.11.19.jar:/Users/benjamin.frazer/.m2/repository/org/objenesis/objenesis/3.2/objenesis-3.2.jar:/Users/benjamin.frazer/.m2/repository/org/mockito/mockito-inline/4.0.0/mockito-inline-4.0.0.jar:/Users/benjamin.frazer/.m2/repository/org/assertj/assertj-core/3.17.2/assertj-core-3.17.2.jar:"/>
    <property name="java.vm.vendor" value="Oracle Corporation"/>
    <property name="sun.arch.data.model" value="64"/>
    <property name="java.vendor.url" value="https://java.oracle.com/"/>
    <property name="os.name" value="Mac OS X"/>
    <property name="java.vm.specification.version" value="17"/>
    <property name="sun.java.launcher" value="SUN_STANDARD"/>
    <property name="user.country" value="US"/>
    <property name="sun.boot.library.path" value="/Library/Java/JavaVirtualMachines/jdk-17.0.5.jdk/Contents/Home/lib"/>
    <property name="sun.java.command" value="/Users/benjamin.frazer/Documents/IntelliJ/Monopoly-Clone/target/surefire/surefirebooter-20230124220310888_3.jar /Users/benjamin.frazer/Documents/IntelliJ/Monopoly-Clone/target/surefire 2023-01-24T22-03-10_580-jvmRun1 surefire-20230124220310888_1tmp surefire_0-20230124220310888_2tmp"/>
    <property name="http.nonProxyHosts" value="local|*.local|169.254/16|*.169.254/16"/>
    <property name="jdk.debug" value="release"/>
    <property name="surefire.test.class.path" value="/Users/benjamin.frazer/Documents/IntelliJ/Monopoly-Clone/target/test-classes:/Users/benjamin.frazer/Documents/IntelliJ/Monopoly-Clone/target/classes:/Users/benjamin.frazer/.m2/repository/junit/junit/4.13.1/junit-4.13.1.jar:/Users/benjamin.frazer/.m2/repository/org/hamcrest/hamcrest-core/1.3/hamcrest-core-1.3.jar:/Users/benjamin.frazer/.m2/repository/org/junit/jupiter/junit-jupiter-api/5.8.1/junit-jupiter-api-5.8.1.jar:/Users/benjamin.frazer/.m2/repository/org/opentest4j/opentest4j/1.2.0/opentest4j-1.2.0.jar:/Users/benjamin.frazer/.m2/repository/org/junit/platform/junit-platform-commons/1.8.1/junit-platform-commons-1.8.1.jar:/Users/benjamin.frazer/.m2/repository/org/apiguardian/apiguardian-api/1.1.2/apiguardian-api-1.1.2.jar:/Users/benjamin.frazer/.m2/repository/org/junit/jupiter/junit-jupiter-engine/5.8.1/junit-jupiter-engine-5.8.1.jar:/Users/benjamin.frazer/.m2/repository/org/junit/platform/junit-platform-engine/1.8.1/junit-platform-engine-1.8.1.jar:/Users/benjamin.frazer/.m2/repository/org/mockito/mockito-core/4.0.0/mockito-core-4.0.0.jar:/Users/benjamin.frazer/.m2/repository/net/bytebuddy/byte-buddy/1.11.19/byte-buddy-1.11.19.jar:/Users/benjamin.frazer/.m2/repository/net/bytebuddy/byte-buddy-agent/1.11.19/byte-buddy-agent-1.11.19.jar:/Users/benjamin.frazer/.m2/repository/org/objenesis/objenesis/3.2/objenesis-3.2.jar:/Users/benjamin.frazer/.m2/repository/org/mockito/mockito-inline/4.0.0/mockito-inline-4.0.0.jar:/Users/benjamin.frazer/.m2/repository/org/assertj/assertj-core/3.17.2/assertj-core-3.17.2.jar:"/>
    <property name="sun.cpu.endian" value="little"/>
    <property name="user.home" value="/Users/benjamin.frazer"/>
    <property name="user.language" value="en"/>
    <property name="java.specification.vendor" value="Oracle Corporation"/>
    <property name="java.version.date" value="2022-10-18"/>
    <property name="java.home" value="/Library/Java/JavaVirtualMachines/jdk-17.0.5.jdk/Contents/Home"/>
    <property name="file.separator" value="/"/>
    <property name="basedir" value="/Users/benjamin.frazer/Documents/IntelliJ/Monopoly-Clone"/>
    <property name="java.vm.compressedOopsMode" value="Zero based"/>
    <property name="line.separator" value="&#10;"/>
    <property name="java.specification.name" value="Java Platform API Specification"/>
    <property name="java.vm.specification.vendor" value="Oracle Corporation"/>
    <property name="surefire.real.class.path" value="/Users/benjamin.frazer/Documents/IntelliJ/Monopoly-Clone/target/surefire/surefirebooter-20230124220310888_3.jar"/>
    <property name="sun.management.compiler" value="HotSpot 64-Bit Tiered Compilers"/>
    <property name="ftp.nonProxyHosts" value="local|*.local|169.254/16|*.169.254/16"/>
    <property name="java.runtime.version" value="17.0.5+9-LTS-191"/>
    <property name="user.name" value="benjamin.frazer"/>
    <property name="path.separator" value=":"/>
    <property name="os.version" value="12.6.2"/>
    <property name="java.runtime.name" value="Java(TM) SE Runtime Environment"/>
    <property name="file.encoding" value="UTF-8"/>
    <property name="java.vm.name" value="Java HotSpot(TM) 64-Bit Server VM"/>
    <property name="localRepository" value="/Users/benjamin.frazer/.m2/repository"/>
    <property name="java.vendor.url.bug" value="https://bugreport.java.com/bugreport/"/>
    <property name="java.io.tmpdir" value="/var/folders/sx/wgvkqbt14vl7yh0c52p_t2zr0000gq/T/"/>
    <property name="idea.version" value="2022.2.3"/>
    <property name="java.version" value="17.0.5"/>
    <property name="user.dir" value="/Users/benjamin.frazer/Documents/IntelliJ/Monopoly-Clone"/>
    <property name="os.arch" value="x86_64"/>
    <property name="java.vm.specification.name" value="Java Virtual Machine Specification"/>
    <property name="native.encoding" value="UTF-8"/>
    <property name="java.library.path" value="/Users/benjamin.frazer/Library/Java/Extensions:/Library/Java/Extensions:/Network/Library/Java/Extensions:/System/Library/Java/Extensions:/usr/lib/java:."/>
    <property name="java.vm.info" value="mixed mode, sharing"/>
    <property name="java.vendor" value="Oracle Corporation"/>
    <property name="java.vm.version" value="17.0.5+9-LTS-191"/>
    <property name="sun.io.unicode.encoding" value="UnicodeBig"/>
    <property name="socksNonProxyHosts" value="local|*.local|169.254/16|*.169.254/16"/>
    <property name="java.class.version" value="61.0"/>
  </properties>
  <testcase name="toStringTest" classname="HouseTest" time="0.012"/>
</testsuite>